0 info it worked if it ends with ok
1 verbose cli [ '/usr/local/bin/node',
1 verbose cli   '/usr/local/bin/npm',
1 verbose cli   'install',
1 verbose cli   'react-native-prompt',
1 verbose cli   '--save' ]
2 info using npm@2.15.9
3 info using node@v4.5.0
4 verbose install initial load of /Development/ReactnativeZone/RestaurantSide/package.json
5 verbose installManyTop reading scoped package data from /Development/ReactnativeZone/RestaurantSide/node_modules/babel-jest/package.json
6 verbose installManyTop reading scoped package data from /Development/ReactnativeZone/RestaurantSide/node_modules/babel-preset-react-native/package.json
7 verbose installManyTop reading scoped package data from /Development/ReactnativeZone/RestaurantSide/node_modules/jest/package.json
8 verbose installManyTop reading scoped package data from /Development/ReactnativeZone/RestaurantSide/node_modules/jest-react-native/package.json
9 verbose installManyTop reading scoped package data from /Development/ReactnativeZone/RestaurantSide/node_modules/react/package.json
10 verbose installManyTop reading scoped package data from /Development/ReactnativeZone/RestaurantSide/node_modules/react-native/package.json
11 verbose installManyTop reading scoped package data from /Development/ReactnativeZone/RestaurantSide/node_modules/react-native-dialogbox/package.json
12 verbose installManyTop reading scoped package data from /Development/ReactnativeZone/RestaurantSide/node_modules/react-native-push-notification/package.json
13 verbose installManyTop reading scoped package data from /Development/ReactnativeZone/RestaurantSide/node_modules/react-test-renderer/package.json
14 verbose installManyTop reading scoped package data from /Development/ReactnativeZone/RestaurantSide/node_modules/whatwg-fetch/package.json
15 info package.json jest-react-native@16.0.0 No description
16 verbose readDependencies loading dependencies from /Development/ReactnativeZone/RestaurantSide/package.json
17 silly cache add args [ 'react-native-prompt', null ]
18 verbose cache add spec react-native-prompt
19 silly cache add parsed spec Result {
19 silly cache add   raw: 'react-native-prompt',
19 silly cache add   scope: null,
19 silly cache add   name: 'react-native-prompt',
19 silly cache add   rawSpec: '',
19 silly cache add   spec: 'latest',
19 silly cache add   type: 'tag' }
20 silly addNamed react-native-prompt@latest
21 verbose addNamed "latest" is being treated as a dist-tag for react-native-prompt
22 info addNameTag [ 'react-native-prompt', 'latest' ]
23 silly mapToRegistry name react-native-prompt
24 silly mapToRegistry using default registry
25 silly mapToRegistry registry https://registry.npmjs.org/
26 silly mapToRegistry data Result {
26 silly mapToRegistry   raw: 'react-native-prompt',
26 silly mapToRegistry   scope: null,
26 silly mapToRegistry   name: 'react-native-prompt',
26 silly mapToRegistry   rawSpec: '',
26 silly mapToRegistry   spec: 'latest',
26 silly mapToRegistry   type: 'tag' }
27 silly mapToRegistry uri https://registry.npmjs.org/react-native-prompt
28 verbose addNameTag registry:https://registry.npmjs.org/react-native-prompt not in flight; fetching
29 verbose request uri https://registry.npmjs.org/react-native-prompt
30 verbose request no auth needed
31 info attempt registry request try #1 at 2:51:58 AM
32 verbose request id 69a511deb49f26a4
33 http request GET https://registry.npmjs.org/react-native-prompt
34 http 200 https://registry.npmjs.org/react-native-prompt
35 verbose headers { server: 'CouchDB/1.5.0 (Erlang OTP/R16B03)',
35 verbose headers   etag: '"6CO7EX0V3L71XBUS4MBH138FE"',
35 verbose headers   'content-type': 'application/json',
35 verbose headers   'content-encoding': 'gzip',
35 verbose headers   'cache-control': 'max-age=300',
35 verbose headers   'content-length': '2756',
35 verbose headers   'accept-ranges': 'bytes',
35 verbose headers   date: 'Thu, 13 Oct 2016 07:51:59 GMT',
35 verbose headers   via: '1.1 varnish',
35 verbose headers   age: '0',
35 verbose headers   connection: 'keep-alive',
35 verbose headers   'x-served-by': 'cache-dfw1833-DFW',
35 verbose headers   'x-cache': 'MISS',
35 verbose headers   'x-cache-hits': '0',
35 verbose headers   'x-timer': 'S1476345119.830046,VS0,VE51',
35 verbose headers   vary: 'Accept-Encoding' }
36 silly get cb [ 200,
36 silly get   { server: 'CouchDB/1.5.0 (Erlang OTP/R16B03)',
36 silly get     etag: '"6CO7EX0V3L71XBUS4MBH138FE"',
36 silly get     'content-type': 'application/json',
36 silly get     'content-encoding': 'gzip',
36 silly get     'cache-control': 'max-age=300',
36 silly get     'content-length': '2756',
36 silly get     'accept-ranges': 'bytes',
36 silly get     date: 'Thu, 13 Oct 2016 07:51:59 GMT',
36 silly get     via: '1.1 varnish',
36 silly get     age: '0',
36 silly get     connection: 'keep-alive',
36 silly get     'x-served-by': 'cache-dfw1833-DFW',
36 silly get     'x-cache': 'MISS',
36 silly get     'x-cache-hits': '0',
36 silly get     'x-timer': 'S1476345119.830046,VS0,VE51',
36 silly get     vary: 'Accept-Encoding' } ]
37 verbose get saving react-native-prompt to /Users/pujanpaudel/.npm/registry.npmjs.org/react-native-prompt/.cache.json
38 verbose correctMkdir /Users/pujanpaudel/.npm correctMkdir not in flight; initializing
39 silly addNameTag next cb for react-native-prompt with tag latest
40 silly addNamed react-native-prompt@0.18.5
41 verbose addNamed "0.18.5" is a plain semver version for react-native-prompt
42 silly mapToRegistry name react-native-prompt
43 silly mapToRegistry using default registry
44 silly mapToRegistry registry https://registry.npmjs.org/
45 silly mapToRegistry data Result {
45 silly mapToRegistry   raw: 'react-native-prompt',
45 silly mapToRegistry   scope: null,
45 silly mapToRegistry   name: 'react-native-prompt',
45 silly mapToRegistry   rawSpec: '',
45 silly mapToRegistry   spec: 'latest',
45 silly mapToRegistry   type: 'tag' }
46 silly mapToRegistry uri https://registry.npmjs.org/react-native-prompt
47 verbose addRemoteTarball https://registry.npmjs.org/react-native-prompt/-/react-native-prompt-0.18.5.tgz not in flight; adding
48 verbose addRemoteTarball [ 'https://registry.npmjs.org/react-native-prompt/-/react-native-prompt-0.18.5.tgz',
48 verbose addRemoteTarball   '85aa767849a91d6b2990fc2898d51eb6108b6735' ]
49 info retry fetch attempt 1 at 2:52:00 AM
50 info attempt registry request try #1 at 2:52:00 AM
51 http fetch GET https://registry.npmjs.org/react-native-prompt/-/react-native-prompt-0.18.5.tgz
52 http fetch 200 https://registry.npmjs.org/react-native-prompt/-/react-native-prompt-0.18.5.tgz
53 silly fetchAndShaCheck shasum 85aa767849a91d6b2990fc2898d51eb6108b6735
54 verbose addTmpTarball /tmp/npm-87669-e6b31db2/registry.npmjs.org/react-native-prompt/-/react-native-prompt-0.18.5.tgz not in flight; adding
55 verbose addTmpTarball already have metadata; skipping unpack for react-native-prompt@0.18.5
56 verbose correctMkdir /Users/pujanpaudel/.npm correctMkdir not in flight; initializing
57 silly cache afterAdd react-native-prompt@0.18.5
58 verbose afterAdd /Users/pujanpaudel/.npm/react-native-prompt/0.18.5/package/package.json not in flight; writing
59 verbose correctMkdir /Users/pujanpaudel/.npm correctMkdir not in flight; initializing
60 verbose afterAdd /Users/pujanpaudel/.npm/react-native-prompt/0.18.5/package/package.json written
61 silly install resolved [ { name: 'react-native-prompt',
61 silly install resolved     version: '0.18.5',
61 silly install resolved     description: 'A cross-platform prompt component for React Native.',
61 silly install resolved     repository:
61 silly install resolved      { type: 'git',
61 silly install resolved        url: 'git+https://github.com/jaysoo/react-native-prompt.git' },
61 silly install resolved     scripts:
61 silly install resolved      { 'install:example': 'cd PromptExample && npm install',
61 silly install resolved        'build:android': 'cd PromptExample/android && ./gradlew assembleRelease',
61 silly install resolved        'start:appium': 'appium',
61 silly install resolved        'test:setup': 'npm run install:example && npm run build:android',
61 silly install resolved        'test:feature': 'mocha --require babel-core/register test/feature',
61 silly install resolved        test: 'npm run test:setup && npm run test:feature' },
61 silly install resolved     main: 'src/index.js',
61 silly install resolved     files:
61 silly install resolved      [ 'android.demo.gif',
61 silly install resolved        'ios.demo.gif',
61 silly install resolved        'README.md',
61 silly install resolved        'LICENSE',
61 silly install resolved        'src' ],
61 silly install resolved     keywords:
61 silly install resolved      [ 'react-native',
61 silly install resolved        'react',
61 silly install resolved        'prompt',
61 silly install resolved        'spinner',
61 silly install resolved        'dropdown',
61 silly install resolved        'react-component',
61 silly install resolved        'ios',
61 silly install resolved        'android' ],
61 silly install resolved     author:
61 silly install resolved      { name: 'Jack Hsu',
61 silly install resolved        email: 'jack.hsu@gmail.com',
61 silly install resolved        url: 'http://jaysoo.ca/' },
61 silly install resolved     license: 'ISC',
61 silly install resolved     devDependencies:
61 silly install resolved      { appium: '^1.4.16',
61 silly install resolved        'babel-core': '^6.4.0',
61 silly install resolved        'babel-preset-es2015': '^6.3.13',
61 silly install resolved        'babel-preset-react': '^6.3.13',
61 silly install resolved        'babel-preset-react-native': '^1.9.0',
61 silly install resolved        'babel-preset-stage-2': '^6.3.13',
61 silly install resolved        chai: '^3.4.1',
61 silly install resolved        'chai-as-promised': '^5.2.0',
61 silly install resolved        colors: '^1.1.2',
61 silly install resolved        mocha: '^2.3.4',
61 silly install resolved        sinon: '^1.17.2',
61 silly install resolved        wd: '^0.4.0' },
61 silly install resolved     gitHead: 'f74d35f4e066a90996a6e5585d6994f528f6d735',
61 silly install resolved     bugs: { url: 'https://github.com/jaysoo/react-native-prompt/issues' },
61 silly install resolved     homepage: 'https://github.com/jaysoo/react-native-prompt#readme',
61 silly install resolved     _id: 'react-native-prompt@0.18.5',
61 silly install resolved     _shasum: '85aa767849a91d6b2990fc2898d51eb6108b6735',
61 silly install resolved     _from: 'react-native-prompt@latest',
61 silly install resolved     _npmVersion: '3.8.6',
61 silly install resolved     _nodeVersion: '5.9.0',
61 silly install resolved     _npmUser: { name: 'jaysoo', email: 'jack.hsu@gmail.com' },
61 silly install resolved     dist:
61 silly install resolved      { shasum: '85aa767849a91d6b2990fc2898d51eb6108b6735',
61 silly install resolved        tarball: 'https://registry.npmjs.org/react-native-prompt/-/react-native-prompt-0.18.5.tgz' },
61 silly install resolved     maintainers: [ [Object] ],
61 silly install resolved     _npmOperationalInternal:
61 silly install resolved      { host: 'packages-12-west.internal.npmjs.com',
61 silly install resolved        tmp: 'tmp/react-native-prompt-0.18.5.tgz_1466192725683_0.5977346932049841' },
61 silly install resolved     directories: {},
61 silly install resolved     _resolved: 'https://registry.npmjs.org/react-native-prompt/-/react-native-prompt-0.18.5.tgz' } ]
62 info install react-native-prompt@0.18.5 into /Development/ReactnativeZone/RestaurantSide
63 info installOne react-native-prompt@0.18.5
64 verbose installOne of react-native-prompt to /Development/ReactnativeZone/RestaurantSide not in flight; installing
65 verbose correctMkdir /Users/pujanpaudel/.npm/_locks correctMkdir not in flight; initializing
66 verbose lock using /Users/pujanpaudel/.npm/_locks/react-native-prompt-0984ce001417b5a3.lock for /Development/ReactnativeZone/RestaurantSide/node_modules/react-native-prompt
67 silly install write writing react-native-prompt 0.18.5 to /Development/ReactnativeZone/RestaurantSide/node_modules/react-native-prompt
68 verbose unbuild node_modules/react-native-prompt
69 silly gentlyRm /Development/ReactnativeZone/RestaurantSide/node_modules/react-native-prompt is being purged from base /Development/ReactnativeZone/RestaurantSide
70 verbose gentlyRm don't care about contents; nuking /Development/ReactnativeZone/RestaurantSide/node_modules/react-native-prompt
71 verbose tar unpack /Users/pujanpaudel/.npm/react-native-prompt/0.18.5/package.tgz
72 verbose tar unpacking to /Development/ReactnativeZone/RestaurantSide/node_modules/react-native-prompt
73 silly gentlyRm /Development/ReactnativeZone/RestaurantSide/node_modules/react-native-prompt is being purged
74 verbose gentlyRm don't care about contents; nuking /Development/ReactnativeZone/RestaurantSide/node_modules/react-native-prompt
75 silly gunzTarPerm modes [ '755', '644' ]
76 silly gunzTarPerm extractEntry package.json
77 silly gunzTarPerm extractEntry README.md
78 silly gunzTarPerm extractEntry LICENSE
79 silly gunzTarPerm extractEntry src/Prompt.js
80 silly gunzTarPerm extractEntry src/index.js
81 silly gunzTarPerm extractEntry src/styles.js
82 verbose write writing to /Development/ReactnativeZone/RestaurantSide/node_modules/react-native-prompt/package.json
83 info preinstall react-native-prompt@0.18.5
84 verbose readDependencies loading dependencies from /Development/ReactnativeZone/RestaurantSide/node_modules/react-native-prompt/package.json
85 verbose readDependencies loading dependencies from /Development/ReactnativeZone/RestaurantSide/node_modules/react-native-prompt/package.json
86 silly install resolved []
87 verbose about to build /Development/ReactnativeZone/RestaurantSide/node_modules/react-native-prompt
88 info build /Development/ReactnativeZone/RestaurantSide/node_modules/react-native-prompt
89 info linkStuff react-native-prompt@0.18.5
90 silly linkStuff react-native-prompt@0.18.5 has /Development/ReactnativeZone/RestaurantSide/node_modules as its parent node_modules
91 verbose linkBins react-native-prompt@0.18.5
92 verbose linkMans react-native-prompt@0.18.5
93 verbose rebuildBundles react-native-prompt@0.18.5
94 info install react-native-prompt@0.18.5
95 info postinstall react-native-prompt@0.18.5
96 verbose unlock done using /Users/pujanpaudel/.npm/_locks/react-native-prompt-0984ce001417b5a3.lock for /Development/ReactnativeZone/RestaurantSide/node_modules/react-native-prompt
97 verbose validateInstall loading /Development/ReactnativeZone/RestaurantSide/package.json for validation
98 verbose stack Error: The package react-native@0.35.0 does not satisfy its siblings' peerDependencies requirements!
98 verbose stack     at /usr/local/lib/node_modules/npm/lib/install.js:125:32
98 verbose stack     at /usr/local/lib/node_modules/npm/lib/install.js:268:7
98 verbose stack     at /usr/local/lib/node_modules/npm/node_modules/read-installed/read-installed.js:142:5
98 verbose stack     at /usr/local/lib/node_modules/npm/node_modules/read-installed/read-installed.js:263:14
98 verbose stack     at cb (/usr/local/lib/node_modules/npm/node_modules/slide/lib/async-map.js:47:24)
98 verbose stack     at /usr/local/lib/node_modules/npm/node_modules/read-installed/read-installed.js:263:14
98 verbose stack     at cb (/usr/local/lib/node_modules/npm/node_modules/slide/lib/async-map.js:47:24)
98 verbose stack     at /usr/local/lib/node_modules/npm/node_modules/read-installed/read-installed.js:263:14
98 verbose stack     at cb (/usr/local/lib/node_modules/npm/node_modules/slide/lib/async-map.js:47:24)
98 verbose stack     at /usr/local/lib/node_modules/npm/node_modules/read-installed/read-installed.js:263:14
99 verbose cwd /Development/ReactnativeZone/RestaurantSide
100 error Darwin 15.6.0
101 error argv "/usr/local/bin/node" "/usr/local/bin/npm" "install" "react-native-prompt" "--save"
102 error node v4.5.0
103 error npm  v2.15.9
104 error code EPEERINVALID
105 error peerinvalid The package react-native@0.35.0 does not satisfy its siblings' peerDependencies requirements!
105 error peerinvalid Peer react-native-push-notification@2.1.1 wants react-native@>=0.33
105 error peerinvalid Peer jest-react-native@16.0.0 wants react-native@>=0.30.0
105 error peerinvalid Peer react-native-dialogbox@0.6.2 wants react-native@^0.32.0
106 verbose exit [ 1, true ]
